Operating system: Linux
                  0.0.0 Linux 3.10.0-1160.81.1.el7.x86_64 #1 SMP Fri Dec 16 17:29:43 UTC 2022 x86_64
CPU: amd64
     family 6 model 106 stepping 6
     1 CPU

GPU: UNKNOWN

Crash reason:  DUMP_REQUESTED
Crash address: 0x2ae7440c8406
Process uptime: not available

Thread 0 (crashed)
 0  libcbreakpad.so + 0x36406
    rax = 0x0000000000000000   rdx = 0x0000000000000000
    rcx = 0x00002ae7440c6cb2   rbx = 0x00002ae744b41ef0
    rsi = 0x0000000000000001   rdi = 0x00002ae744b41878
    rbp = 0x00002ae744b41e30   rsp = 0x00002ae744b417e0
     r8 = 0x0000000000000000    r9 = 0x0000000000000000
    r10 = 0x0000000000000000   r11 = 0x0000000000000000
    r12 = 0x0000000000000000   r13 = 0x00002ae744b42258
    r14 = 0x00002ae744b41e70   r15 = 0x0000836a000015d9
    rip = 0x00002ae7440c8406
    Found by: given as instruction pointer in context
 1  libcbreakpad.so + 0x34672
    rbp = 0x00002ae744b41f80   rsp = 0x00002ae744b41e40
    rip = 0x00002ae7440c6672
    Found by: previous frame's frame pointer
 2  xmsim + 0x696630
    rbp = 0x00002ae744b41f80   rsp = 0x00002ae744b41ed8
    rip = 0x0000000000a96630
    Found by: stack scanning
 3  libc-2.17.so + 0x36387
    rbp = 0x00002ae744b41f80   rsp = 0x00002ae744b41f78
    rip = 0x00002ae743cfa387
    Found by: stack scanning
 4  xmsim + 0x14e1f36
    rsp = 0x00002ae744b41f90   rip = 0x00000000018e1f36
    Found by: stack scanning

Loaded modules:
0x00400000 - 0x02ef9fff  xmsim  ???  (main)  (WARNING: No symbols, xmsim, BA1589BEC95F518C43F9346AFBBBF4070)
0x2ae74337e000 - 0x2ae74339ffff  ld-2.17.so  ???
0x2ae7433a3000 - 0x2ae743579fff  libstdc++.so.6.0.28  ???
0x2ae74357e000 - 0x2ae743597fff  libgcc_s.so.1  ???
0x2ae74359f000 - 0x2ae7435a0fff  ld-2.17.so  ???
0x2ae7435a2000 - 0x2ae7435b8fff  libpthread-2.17.so  ???
0x2ae7435b9000 - 0x2ae7437b9fff  libpthread-2.17.so  ???
0x2ae7437be000 - 0x2ae7437bffff  libdl-2.17.so  ???
0x2ae7437c0000 - 0x2ae7439c1fff  libdl-2.17.so  ???
0x2ae7439c2000 - 0x2ae743ac2fff  libm-2.17.so  ???
0x2ae743ac3000 - 0x2ae743cc3fff  libm-2.17.so  ???
0x2ae743cc4000 - 0x2ae743e87fff  libc-2.17.so  ???  (WARNING: No symbols, libc-2.17.so, 79E270948F389C7FB2ED3B2872D0C2090)
0x2ae743e88000 - 0x2ae74408cfff  libc-2.17.so  ???
0x2ae744092000 - 0x2ae7440f6fff  libcbreakpad.so  ???  (WARNING: No symbols, libcbreakpad.so, 63B86735150D8CAFFEA2339F8607BB350)
0x2ae7440f7000 - 0x2ae7440fbfff  libcbreakpad.so  ???
0x2ae744103000 - 0x2ae74419bfff  libxmjudy.so.1.0.3  ???
0x2ae74421d000 - 0x2ae744228fff  libnss_files-2.17.so  ???
0x2ae744229000 - 0x2ae744429fff  libnss_files-2.17.so  ???
0x2ae744430000 - 0x2ae74443afff  libnss_nis-2.17.so  ???
0x2ae74443b000 - 0x2ae74463bfff  libnss_nis-2.17.so  ???
0x2ae74463c000 - 0x2ae744652fff  libnsl-2.17.so  ???
0x2ae744653000 - 0x2ae744853fff  libnsl-2.17.so  ???
0x2ae744856000 - 0x2ae744908fff  libdcapi.so  ???
0x2ae744909000 - 0x2ae744915fff  libdcapi.so  ???
0x2ae744917000 - 0x2ae744acafff  libStrapNC.so  ???
0x2ae74538c000 - 0x2ae7453affff  libml_uvm.so  ???
0x2ae745761000 - 0x2ae745770fff  ncvlog_ssl.so  ???
0x2ae745773000 - 0x2ae74577afff  libcrypt-2.17.so  ???
0x2ae74577b000 - 0x2ae74597bfff  libcrypt-2.17.so  ???
0x2ae7459aa000 - 0x2ae7459abfff  libfreebl3.so  ???
0x2ae7459ac000 - 0x2ae745bacfff  libfreebl3.so  ???
0x2ae745d72000 - 0x2ae745d7afff  libxdt.so  ???
0x2ae745f94000 - 0x2ae746f84fff  libbdw_st.so  ???
0x2ae746fe5000 - 0x2ae7476defff  libnffr.so  ???
0x2ae7476df000 - 0x2ae747906fff  libnffr.so  ???
0x2ae7483af000 - 0x2ae7485c0fff  libnsys.so  ???
0x2ae7485c1000 - 0x2ae7487cdfff  libnsys.so  ???
0x2ae7487e0000 - 0x2ae7487fafff  libz_sh.so  ???
0x2ae7487fb000 - 0x2ae748801fff  librt-2.17.so  ???
0x2ae748802000 - 0x2ae748a02fff  librt-2.17.so  ???
0x2ae748a03000 - 0x2ae748a22fff  libcdsCommon_sh.so  ???
0x2ae748b28000 - 0x2ae748c9dfff  libhub.so  ???
0x2ae748dab000 - 0x2ae7490edfff  libcynshell2.0.so  ???
0x2ae7490ee000 - 0x2ae74a789fff  libstratus_hls.so  ???
0x2ae74a78a000 - 0x2ae74a80bfff  libstratus_hls.so  ???
0x2ae74ceec000 - 0x2ae74e0ccfff  libz3.so  ???
0x2ae74e0cd000 - 0x2ae74e2f8fff  libz3.so  ???
0x2ae74e2fb000 - 0x2ae74e332fff  libgomp.so.1.0.0  ???
0x2ae756334000 - 0x2ae756351fff  libitcl3.4.so  ???
0x2ae757564000 - 0x2ae75761dfff  sim_V_BASIC.so  ???
0x2ae75761e000 - 0x2ae757627fff  sim_V_BASIC.so  ???
0x2ae757629000 - 0x2ae7578cafff  libscv-2.0.1.so  ???
0x2ae7578d2000 - 0x2ae757ab4fff  libsystemc-2.3.3.so  ???
0x7ffcd16fd000 - 0x7ffcd16fefff  linux-gate.so  ???

******BACKTRACE*****
vserror (xmsim) [0x18e1f36]
serror (xmsim) [0x18e3a95]
sv_abrthandler (xmsim) [0xb4786c]
com_getLowerInstItemFromHandle (xmsim) [0x7c9651]
_CAD_DJR_FM_0001480 (xmsim) [0x99f757]
_CAD_DJR_FM_0005760 (xmsim) [0x95dbc8]
tf_igettimeprecision (xmsim) [0x7fb7fa]
******BACKTRACE END*****