Operating system: Linux
                  0.0.0 Linux 3.10.0-1160.81.1.el7.x86_64 #1 SMP Fri Dec 16 17:29:43 UTC 2022 x86_64
CPU: amd64
     family 6 model 106 stepping 6
     1 CPU

GPU: UNKNOWN

Crash reason:  DUMP_REQUESTED
Crash address: 0x2b489038f406
Process uptime: not available

Thread 0 (crashed)
 0  libcbreakpad.so + 0x36406
    rax = 0x0000000000000000   rdx = 0x0000000000000000
    rcx = 0x00002b489038dcb2   rbx = 0x00002b4890e08ef0
    rsi = 0x0000000000000001   rdi = 0x00002b4890e08878
    rbp = 0x00002b4890e08e30   rsp = 0x00002b4890e087e0
     r8 = 0x0000000000000000    r9 = 0x0000000000000000
    r10 = 0x0000000000000000   r11 = 0x0000000000000000
    r12 = 0x0000000000000000   r13 = 0x00002b4890e09258
    r14 = 0x00002b4890e08e70   r15 = 0x0000836a00003f9b
    rip = 0x00002b489038f406
    Found by: given as instruction pointer in context
 1  libcbreakpad.so + 0x34672
    rbp = 0x00002b4890e08f80   rsp = 0x00002b4890e08e40
    rip = 0x00002b489038d672
    Found by: previous frame's frame pointer
 2  xmsim + 0x696630
    rbp = 0x00002b4890e08f80   rsp = 0x00002b4890e08ed8
    rip = 0x0000000000a96630
    Found by: stack scanning
 3  libc-2.17.so + 0x36387
    rbp = 0x00002b4890e08f80   rsp = 0x00002b4890e08f78
    rip = 0x00002b488ffc1387
    Found by: stack scanning
 4  xmsim + 0x14e1f36
    rsp = 0x00002b4890e08f90   rip = 0x00000000018e1f36
    Found by: stack scanning

Loaded modules:
0x00400000 - 0x02ef9fff  xmsim  ???  (main)  (WARNING: No symbols, xmsim, BA1589BEC95F518C43F9346AFBBBF4070)
0x2b488f645000 - 0x2b488f666fff  ld-2.17.so  ???
0x2b488f66a000 - 0x2b488f840fff  libstdc++.so.6.0.28  ???
0x2b488f845000 - 0x2b488f85efff  libgcc_s.so.1  ???
0x2b488f866000 - 0x2b488f867fff  ld-2.17.so  ???
0x2b488f869000 - 0x2b488f87ffff  libpthread-2.17.so  ???
0x2b488f880000 - 0x2b488fa80fff  libpthread-2.17.so  ???
0x2b488fa85000 - 0x2b488fa86fff  libdl-2.17.so  ???
0x2b488fa87000 - 0x2b488fc88fff  libdl-2.17.so  ???
0x2b488fc89000 - 0x2b488fd89fff  libm-2.17.so  ???
0x2b488fd8a000 - 0x2b488ff8afff  libm-2.17.so  ???
0x2b488ff8b000 - 0x2b489014efff  libc-2.17.so  ???  (WARNING: No symbols, libc-2.17.so, 79E270948F389C7FB2ED3B2872D0C2090)
0x2b489014f000 - 0x2b4890353fff  libc-2.17.so  ???
0x2b4890359000 - 0x2b48903bdfff  libcbreakpad.so  ???  (WARNING: No symbols, libcbreakpad.so, 63B86735150D8CAFFEA2339F8607BB350)
0x2b48903be000 - 0x2b48903c2fff  libcbreakpad.so  ???
0x2b48903ca000 - 0x2b4890462fff  libxmjudy.so.1.0.3  ???
0x2b48904e4000 - 0x2b48904effff  libnss_files-2.17.so  ???
0x2b48904f0000 - 0x2b48906f0fff  libnss_files-2.17.so  ???
0x2b48906f7000 - 0x2b4890701fff  libnss_nis-2.17.so  ???
0x2b4890702000 - 0x2b4890902fff  libnss_nis-2.17.so  ???
0x2b4890903000 - 0x2b4890919fff  libnsl-2.17.so  ???
0x2b489091a000 - 0x2b4890b1afff  libnsl-2.17.so  ???
0x2b4890b1d000 - 0x2b4890bcffff  libdcapi.so  ???
0x2b4890bd0000 - 0x2b4890bdcfff  libdcapi.so  ???
0x2b4890bde000 - 0x2b4890d91fff  libStrapNC.so  ???
0x2b4891653000 - 0x2b4891676fff  libml_uvm.so  ???
0x2b4891a95000 - 0x2b4891aa4fff  ncvlog_ssl.so  ???
0x2b4891aa7000 - 0x2b4891aaefff  libcrypt-2.17.so  ???
0x2b4891aaf000 - 0x2b4891caffff  libcrypt-2.17.so  ???
0x2b4891cde000 - 0x2b4891cdffff  libfreebl3.so  ???
0x2b4891ce0000 - 0x2b4891ee0fff  libfreebl3.so  ???
0x2b48920a6000 - 0x2b48920aefff  libxdt.so  ???
0x2b48922c8000 - 0x2b48932b8fff  libbdw_st.so  ???
0x2b4893319000 - 0x2b4893a12fff  libnffr.so  ???
0x2b4893a13000 - 0x2b4893c3afff  libnffr.so  ???
0x2b48946e3000 - 0x2b48948f4fff  libnsys.so  ???
0x2b48948f5000 - 0x2b4894b01fff  libnsys.so  ???
0x2b4894b14000 - 0x2b4894b2efff  libz_sh.so  ???
0x2b4894b2f000 - 0x2b4894b35fff  librt-2.17.so  ???
0x2b4894b36000 - 0x2b4894d36fff  librt-2.17.so  ???
0x2b4894d37000 - 0x2b4894d56fff  libcdsCommon_sh.so  ???
0x2b4894e5c000 - 0x2b4894fd1fff  libhub.so  ???
0x2b48950df000 - 0x2b4895421fff  libcynshell2.0.so  ???
0x2b4895422000 - 0x2b4896abdfff  libstratus_hls.so  ???
0x2b4896abe000 - 0x2b4896b3ffff  libstratus_hls.so  ???
0x2b4899220000 - 0x2b489a400fff  libz3.so  ???
0x2b489a401000 - 0x2b489a62cfff  libz3.so  ???
0x2b489a62f000 - 0x2b489a666fff  libgomp.so.1.0.0  ???
0x2b48a2668000 - 0x2b48a2685fff  libitcl3.4.so  ???
0x2b48a3898000 - 0x2b48a394ffff  sim_V_BASIC.so  ???
0x2b48a3950000 - 0x2b48a3959fff  sim_V_BASIC.so  ???
0x2b48a395b000 - 0x2b48a3bfcfff  libscv-2.0.1.so  ???
0x2b48a3c04000 - 0x2b48a3de6fff  libsystemc-2.3.3.so  ???
0x7fff133e3000 - 0x7fff133e4fff  linux-gate.so  ???

******BACKTRACE*****
vserror (xmsim) [0x18e1f36]
serror (xmsim) [0x18e3a95]
sv_abrthandler (xmsim) [0xb4786c]
rts_running (xmsim) [0xb54494]
ssl_get_this (xmsim) [0xd01ea8]
ipi_vpiScope_hdl_int (xmsim) [0x9193d0]
_CAD_DJR_FM_0001316 (xmsim) [0x92c4be]
tf_igettimeprecision (xmsim) [0x7fb7fa]
******BACKTRACE END*****