xrun(64): 22.03-s003: (c) Copyright 1995-2022 Cadence Design Systems, Inc.
TOOL:	xrun(64)	22.03-s003: Started on May 15, 2023 at 09:08:51 CST
xrun
	-sdfdir bdw_work/sims/V_BASIC
	+xm64bit
	+incdir+/usr/cadtool/cadence/STRATUS/STRATUS_21.10.100/tools.lnx86/stratus/lib
	+incdir+bdw_work/wrappers
	+access+rw
	+loadpli1=/usr/cadtool/cadence/STRATUS/STRATUS_21.10.100/tools.lnx86/stratus/lib/64bit/ncvlog_ssl:ssl_bootstrap
	+xminput+bdw_work/sims/V_BASIC/ncverilog.do
	+xmlibdirname+bdw_work/sims/V_BASIC
	+BDW_VLOG_DUMPFILE+
	-f bdw_work/sims/V_BASIC/siminfo
		bdw_work/sims/top_V_BASIC.v
		bdw_work/wrappers/Filter_cosim.v
		bdw_work/modules/Filter/BASIC/Filter_rtl.v
		bdw_work/modules/Filter/BASIC/v_rtl/Filter_Div_31Ux3U_31U_4.v
		bdw_work/modules/Filter/BASIC/v_rtl/Filter_RAM_3X32_4.v
		bdw_work/modules/Filter/BASIC/v_rtl/Filter_RAM_18X8_2.v
		bdw_work/modules/Filter/BASIC/v_rtl/Filter_RAM_27X8_3.v
		bdw_work/modules/Filter/BASIC/v_rtl/Filter_RAM_3X8_1.v
	+libext+.v
	+define+ioConfig
	+define+BDW_RTL_Filter_BASIC
	+nowarn+LIBNOU
	+hubSetOption+libdef=bdw_work/sims/V_BASIC/sim_V_BASIC.so,argv=../lena_std_short.bmp%out.bmp
	+hubSetOption+bdr=bdw_work/sims/V_BASIC/sim.bdr
	-l bdw_work/sims/V_BASIC/bdw_sim_verilog.log

   User defined plus("+") options:
	+BDW_VLOG_DUMPFILE+
	+hubSetOption+libdef=bdw_work/sims/V_BASIC/sim_V_BASIC.so,argv=../lena_std_short.bmp%out.bmp
	+hubSetOption+bdr=bdw_work/sims/V_BASIC/sim.bdr

Loading snapshot worklib.top:v .................... Done
*** Registering Hub PLI1.0 Interface***
xcelium> source /usr/cadtool/cadence/XCELIUM/XCELIUM_22.03.003/tools/xcelium/files/xmsimrc
xcelium> 
xcelium> run
NOTE: Cadence Design Systems Hub Simulation Platform : version 21.20-p100
xmsim: *F,SIGUSR: Unix Signal SIGABRT raised from user application code. Stack trace information is captured in file sigusrdump.out.
***Current stack trace:
 -->[User Code       ] (nil)     <don't know>        
 -->[Don't Know      ] 0x18e3827 <don't know>        
 -->[Don't Know      ] 0x18e3a95 serror               + 95      
 -->[SSS Overhead    ] 0xb478c6  <don't know>        
 -->[User Code       ] 0x2b0e66c34630 <don't know>         /usr/lib64/libpthread.so.0
 -->[User Code       ] 0x2b0e6737d387 gsignal              + 37       /usr/lib64/libc.so.6
 -->[User Code       ] 0x2b0e6737ea78 abort                + 148      /usr/lib64/libc.so.6
 -->[User Code       ] 0x2b0e66ac0663 <don't know>         /usr/cadtool/cadence/XCELIUM/XCELIUM_22.03.003/tools.lnx86/lib/64bit/libstdc++.so.6
 -->[User Code       ] 0x2b0e66acc096 <don't know>         /usr/cadtool/cadence/XCELIUM/XCELIUM_22.03.003/tools.lnx86/lib/64bit/libstdc++.so.6
 -->[User Code       ] 0x2b0e66acc101 <don't know>         /usr/cadtool/cadence/XCELIUM/XCELIUM_22.03.003/tools.lnx86/lib/64bit/libstdc++.so.6
 -->[User Code       ] 0x2b0e66acc355 <don't know>         /usr/cadtool/cadence/XCELIUM/XCELIUM_22.03.003/tools.lnx86/lib/64bit/libstdc++.so.6
 -->[User Code       ] 0x2b0e69924541 <don't know>         /usr/cadtool/cadence/STRATUS/STRATUS_21.10.100/tools.lnx86/stratus/lib/64bit/libbdw_st.so
 -->[User Code       ] 0x2b0e69aac88a msgAbortChk          + 5a       /usr/cadtool/cadence/STRATUS/STRATUS_21.10.100/tools.lnx86/stratus/lib/64bit/libbdw_st.so
 -->[User Code       ] 0x2b0e6da1dda5 _Z9vatMsgLocPv5MsgIdRK9MsgLimValiP13__va_list_tag + 145      /usr/cadtool/cadence/STRATUS/STRATUS_21.10.100/tools.lnx86/stratus/lib/64bit/libstratus_hls.so
 -->[User Code       ] 0x2b0e6da1e5cf _Z7message5MsgIdiz   + 9f       /usr/cadtool/cadence/STRATUS/STRATUS_21.10.100/tools.lnx86/stratus/lib/64bit/libstratus_hls.so
 -->[User Code       ] 0x2b0e66c34630 <don't know>         /usr/lib64/libpthread.so.0
 -->[TF Interface    ] 0x7fb8b9  tf_igettimeunit      + 19      
 -->[User Code       ] 0x2b0e68e568e1 <don't know>         /usr/cadtool/cadence/STRATUS/STRATUS_21.10.100/tools.lnx86/stratus/lib/64bit/ncvlog_ssl.so
TOOL:	xrun(64)	22.03-s003: Exiting on May 15, 2023 at 09:12:54 CST  (total: 00:04:03)
