bdw_wrapgen -project project.tcl -module Filter "-Ibdw_work/wrappers   -DCLOCK_PERIOD=10.0 -g  "
/usr/cadtool/cadence/STRATUS/STRATUS_21.10.100/bin/bdw_tracegen -module Filter  
/usr/cadtool/cadence/STRATUS/STRATUS_21.10.100/bin/bdw_shell /usr/cadtool/cadence/STRATUS/STRATUS_21.10.100/share/stratus/tcl/bdw_siminfo.tcl project.tcl B
Generating dependencies for ../Filter.cpp 
make[4]: Nothing to be done for `bdw_work/wrappers/Filter_wrap.h'.
/usr/cadtool/cadence/STRATUS/STRATUS_21.10.100/tools.lnx86/stratus/gcc/9.3/bin/g++  -I./ -Ibdw_work/wrappers   -I..  -c -DCLOCK_PERIOD=10.0 -g    -fPIC  -I/usr/cadtool/cadence/STRATUS/STRATUS_21.10.100/share/stratus/include -I/usr/cadtool/cadence/STRATUS/STRATUS_21.10.100/tools.lnx86/stratus/systemc/2.3.3/include  -DBDW_HUB=1    -DBDW_USE_SCV=0   -o bdw_work/sims/B/Filter.o  bdw_work/wrappers/Filter_wrap.cpp
/usr/cadtool/cadence/STRATUS/STRATUS_21.10.100/tools.lnx86/stratus/gcc/9.3/bin/g++ -Wl,--export-dynamic   \
        -Wl,-rpath,/usr/cadtool/cadence/STRATUS/STRATUS_21.10.100/tools.lnx86/stratus/lib/64bit \
        -Wl,-rpath,/usr/cadtool/cadence/STRATUS/STRATUS_21.10.100/tools.lnx86/lib/64bit \
        -Wl,-rpath,/usr/cadtool/cadence/STRATUS/STRATUS_21.10.100/tools.lnx86/stratus/systemc/2.3.3/lib-linux64 \
        -Wl,--enable-new-dtags \
	-o bdw_work/sims/B/sim_B \
	bdw_work/sims/B/Filter.o bdw_work/sims/B/main.o bdw_work/sims/B/Testbench.o bdw_work/sims/B/System.o  \
	 \
	 \
        bdw_work/libesc/libesc.a \
	 \
	-L /usr/cadtool/cadence/STRATUS/STRATUS_21.10.100/tools.lnx86/lib/64bit -L /usr/cadtool/cadence/STRATUS/STRATUS_21.10.100/tools.lnx86/stratus/lib/64bit  -L /usr/cadtool/cadence/STRATUS/STRATUS_21.10.100/tools.lnx86/stratus/systemc/2.3.3/lib-linux64 -lscv -lsystemc  -lhubexec -lhub  -lbdw_st  
make --no-print-directory -f Makefile scsim_B
Executing simulation: bdw_work/sims/B/sim_B  ../lena_std_short.bmp out.bmp


        SystemC 2.3.3-Accellera --- Jun 11 2021 12:51:14
        Copyright (c) 1996-2018 by all Contributors,
        ALL RIGHTS RESERVED
NOTE: Cadence Design Systems Hub Simulation Platform : version 21.20-p100

Info: /OSCI/SystemC: Simulation stopped by user.
Total run time = 46561270 ns
Throught = 0.0140752 outputs/clock
Average latency = 43 clocks/output
Simulated time == 46561330 ns
BDW_SIM_CONFIG_DIR=bdw_work/sims/B make saySimPassed 2>&1 | tee -a bdw_work/sims/B/bdw_sim.log
